<?xml version="1.0" encoding="UTF-8"?>
<!-- Generated by org.testng.reporters.JUnitReportReporter -->
<testsuite hostname="LAPTOP-RQMIKUIO" failures="0" tests="1" name="SerializationAndDeserialization.SerializationEmployeeDetails" time="0.226" errors="0" timestamp="2022-07-28T13:17:34 IST" skipped="0">
  <testcase classname="SerializationAndDeserialization.SerializationEmployeeDetails" name="serializatonEmployeeDetailsTest" time="0.226"/>
  <system-out/>
</testsuite> <!-- SerializationAndDeserialization.SerializationEmployeeDetails -->
