<?xml version="1.0" encoding="UTF-8"?>
<!-- Generated by org.testng.reporters.JUnitReportReporter -->
<testsuite hostname="LAPTOP-RQMIKUIO" failures="0" tests="1" name="DifferentWaysToPost.CreateTheProjectWithHashMapTest" time="2.483" errors="0" timestamp="2022-08-09T16:55:50 IST" skipped="0">
  <testcase classname="DifferentWaysToPost.CreateTheProjectWithHashMapTest" name="createProject" time="2.483"/>
  <system-out/>
</testsuite> <!-- DifferentWaysToPost.CreateTheProjectWithHashMapTest -->
