<?xml version="1.0" encoding="UTF-8"?>
<!-- Generated by org.testng.reporters.JUnitReportReporter -->
<testsuite hostname="LAPTOP-RQMIKUIO" failures="0" tests="1" name="BasicCRUDOperation.CreatetTheProjectWithHTMLFormate" time="2.693" errors="0" timestamp="2022-08-08T10:59:37 IST" skipped="0">
  <testcase classname="BasicCRUDOperation.CreatetTheProjectWithHTMLFormate" name="createtheprojectwithHTMLFormate" time="2.693"/>
  <system-out/>
</testsuite> <!-- BasicCRUDOperation.CreatetTheProjectWithHTMLFormate -->
