<?xml version="1.0" encoding="UTF-8"?>
<!-- Generated by org.testng.reporters.JUnitReportReporter -->
<testsuite hostname="LAPTOP-RQMIKUIO" failures="0" tests="3" name="DataProvider.CreateMultipleProjectsWithSingleRequestTest" time="3.222" errors="0" timestamp="2022-08-10T12:56:46 IST" skipped="0">
  <testcase classname="DataProvider.CreateMultipleProjectsWithSingleRequestTest" name="createProjectTest" time="2.030"/>
  <system-out/>
  <testcase classname="DataProvider.CreateMultipleProjectsWithSingleRequestTest" name="createProjectTest" time="0.187"/>
  <system-out/>
  <testcase classname="DataProvider.CreateMultipleProjectsWithSingleRequestTest" name="createProjectTest" time="1.005"/>
  <system-out/>
</testsuite> <!-- DataProvider.CreateMultipleProjectsWithSingleRequestTest -->
