<?xml version="1.0" encoding="UTF-8"?>
<!-- Generated by org.testng.reporters.JUnitReportReporter -->
<testsuite hostname="LAPTOP-RQMIKUIO" failures="0" tests="1" name="DifferentWaysToPost.CreateTheProjectUsingJsonObjectTest" time="2.762" errors="0" timestamp="2022-08-10T01:00:52 IST" skipped="0">
  <testcase classname="DifferentWaysToPost.CreateTheProjectUsingJsonObjectTest" name="createProject" time="2.762"/>
  <system-out/>
</testsuite> <!-- DifferentWaysToPost.CreateTheProjectUsingJsonObjectTest -->
