<?xml version="1.0" encoding="UTF-8"?>
<!-- Generated by org.testng.reporters.JUnitReportReporter -->
<testsuite hostname="LAPTOP-RQMIKUIO" failures="0" tests="1" name="BasicCRUDOperation.UpdateProjectTest" time="2.807" errors="0" timestamp="2022-08-04T18:14:22 IST" skipped="0">
  <testcase classname="BasicCRUDOperation.UpdateProjectTest" name="updateProject" time="2.807"/>
  <system-out/>
</testsuite> <!-- BasicCRUDOperation.UpdateProjectTest -->
