<?xml version="1.0" encoding="UTF-8"?>
<!-- Generated by org.testng.reporters.JUnitReportReporter -->
<testsuite hostname="LAPTOP-RQMIKUIO" failures="0" tests="1" name="SerializationAndDeserialization.SerializationEmpWithSpouseTest" time="0.196" errors="0" timestamp="2022-07-28T16:50:04 IST" skipped="0">
  <testcase classname="SerializationAndDeserialization.SerializationEmpWithSpouseTest" name="serializationEmpwithSpouseArray" time="0.196"/>
  <system-out/>
</testsuite> <!-- SerializationAndDeserialization.SerializationEmpWithSpouseTest -->
