<?xml version="1.0" encoding="UTF-8"?>
<!-- Generated by org.testng.reporters.JUnitReportReporter -->
<testsuite hostname="LAPTOP-RQMIKUIO" failures="0" tests="1" name="BasicCRUDOperation.GetSingleProject" time="2.390" errors="0" timestamp="2022-08-04T18:46:41 IST" skipped="0">
  <testcase classname="BasicCRUDOperation.GetSingleProject" name="getSingleProject" time="2.390"/>
  <system-out/>
</testsuite> <!-- BasicCRUDOperation.GetSingleProject -->
