<?xml version="1.0" encoding="UTF-8"?>
<!-- Generated by org.testng.reporters.JUnitReportReporter -->
<testsuite hostname="LAPTOP-RQMIKUIO" failures="0" tests="1" name="SerializationAndDeserialization.SerializationEmpArray" time="0.200" errors="0" timestamp="2022-07-28T16:14:44 IST" skipped="0">
  <testcase classname="SerializationAndDeserialization.SerializationEmpArray" name="serializationEmpArray" time="0.200"/>
  <system-out/>
</testsuite> <!-- SerializationAndDeserialization.SerializationEmpArray -->
