<?xml version="1.0" encoding="UTF-8"?>
<!-- Generated by org.testng.reporters.JUnitReportReporter -->
<testsuite hostname="LAPTOP-RQMIKUIO" failures="0" tests="1" name="Parameter.QueryParametertest" time="2.954" errors="0" timestamp="2022-08-10T11:51:27 IST" skipped="0">
  <testcase classname="Parameter.QueryParametertest" name="getDataUsingQueryParamTest" time="2.954"/>
  <system-out/>
</testsuite> <!-- Parameter.QueryParametertest -->
