<?xml version="1.0" encoding="UTF-8"?>
<!-- Generated by org.testng.reporters.JUnitReportReporter -->
<testsuite hostname="LAPTOP-RQMIKUIO" failures="0" tests="1" name="basicCRUDOperation.GetTheprojectWithInvalidProjectIdTest" time="2.027" errors="0" timestamp="2022-08-08T11:39:11 IST" skipped="0">
  <testcase classname="basicCRUDOperation.GetTheprojectWithInvalidProjectIdTest" name="getTheprojectWithInvalidProjectId" time="2.027"/>
  <system-out/>
</testsuite> <!-- basicCRUDOperation.GetTheprojectWithInvalidProjectIdTest -->
