<?xml version="1.0" encoding="UTF-8"?>
<!-- Generated by org.testng.reporters.JUnitReportReporter -->
<testsuite hostname="LAPTOP-RQMIKUIO" failures="0" tests="1" name="basicCRUDOperation.CreateTheProjectWithKeyValuePairTest" time="2.228" errors="0" timestamp="2022-08-08T12:57:54 IST" skipped="0">
  <testcase classname="basicCRUDOperation.CreateTheProjectWithKeyValuePairTest" name="createtheprojectwithkeyValuePair" time="2.228"/>
  <system-out/>
</testsuite> <!-- basicCRUDOperation.CreateTheProjectWithKeyValuePairTest -->
