<?xml version="1.0" encoding="UTF-8"?>
<!-- Generated by org.testng.reporters.JUnitReportReporter -->
<testsuite hostname="LAPTOP-RQMIKUIO" failures="0" tests="1" name="RequestChaining.CreateUpdateGetAndDeleteProjectTest" time="2.855" errors="0" timestamp="2022-08-10T12:44:52 IST" skipped="0">
  <testcase classname="RequestChaining.CreateUpdateGetAndDeleteProjectTest" name="createUpdateGetAndDeleteProject" time="2.855"/>
  <system-out/>
</testsuite> <!-- RequestChaining.CreateUpdateGetAndDeleteProjectTest -->
