<?xml version="1.0" encoding="UTF-8"?>
<!-- Generated by org.testng.reporters.JUnitReportReporter -->
<testsuite hostname="LAPTOP-RQMIKUIO" failures="0" tests="1" name="basicCRUDOperation.CreateTheProjectwithJsonFileTest" time="2.317" errors="0" timestamp="2022-08-08T15:33:46 IST" skipped="0">
  <testcase classname="basicCRUDOperation.CreateTheProjectwithJsonFileTest" name="createtheprojectwithJsonFile" time="2.317"/>
  <system-out/>
</testsuite> <!-- basicCRUDOperation.CreateTheProjectwithJsonFileTest -->
