<?xml version="1.0" encoding="UTF-8"?>
<!-- Generated by org.testng.reporters.JUnitReportReporter -->
<testsuite hostname="LAPTOP-RQMIKUIO" failures="0" tests="1" name="BasicCRUDOperation.DeleteAProjectTest" time="2.327" errors="0" timestamp="2022-08-04T18:39:35 IST" skipped="0">
  <testcase classname="BasicCRUDOperation.DeleteAProjectTest" name="deleteProject" time="2.327"/>
  <system-out/>
</testsuite> <!-- BasicCRUDOperation.DeleteAProjectTest -->
