<?xml version="1.0" encoding="UTF-8"?>
<!-- Generated by org.testng.reporters.JUnitReportReporter -->
<testsuite hostname="LAPTOP-RQMIKUIO" failures="0" tests="1" name="BasicCRUDOperation.CreatetheprojectwithXMLFormateTest" time="2.796" errors="0" timestamp="2022-08-08T11:08:27 IST" skipped="0">
  <testcase classname="BasicCRUDOperation.CreatetheprojectwithXMLFormateTest" name="createProjectwithXMLFormate" time="2.796"/>
  <system-out/>
</testsuite> <!-- BasicCRUDOperation.CreatetheprojectwithXMLFormateTest -->
