<?xml version="1.0" encoding="UTF-8"?>
<!-- Generated by org.testng.reporters.JUnitReportReporter -->
<testsuite hostname="LAPTOP-RQMIKUIO" failures="0" tests="1" name="BasicCRUDOperation.GetAllProjectsTest" time="2.564" errors="0" timestamp="2022-08-04T18:35:18 IST" skipped="0">
  <testcase classname="BasicCRUDOperation.GetAllProjectsTest" name="getAllProjects" time="2.564"/>
  <system-out/>
</testsuite> <!-- BasicCRUDOperation.GetAllProjectsTest -->
