<?xml version="1.0" encoding="UTF-8"?>
<!-- Generated by org.testng.reporters.JUnitReportReporter -->
<testsuite hostname="LAPTOP-RQMIKUIO" failures="0" tests="1" name="CRUDOperationWithBDD.GetSingleProjectTest" time="2.129" errors="0" timestamp="2022-08-08T16:37:14 IST" skipped="0">
  <testcase classname="CRUDOperationWithBDD.GetSingleProjectTest" name="getSingleProject" time="2.129"/>
  <system-out/>
</testsuite> <!-- CRUDOperationWithBDD.GetSingleProjectTest -->
