<?xml version="1.0" encoding="UTF-8"?>
<!-- Generated by org.testng.reporters.JUnitReportReporter -->
<testsuite hostname="LAPTOP-RQMIKUIO" failures="0" tests="1" name="BasicCRUDOperation.CreatetheprojectWithStatusCreatedTest" time="2.924" errors="0" timestamp="2022-08-08T11:22:04 IST" skipped="0">
  <testcase classname="BasicCRUDOperation.CreatetheprojectWithStatusCreatedTest" name="CreatetheprojectWithStatusCreatedPair" time="2.924"/>
  <system-out/>
</testsuite> <!-- BasicCRUDOperation.CreatetheprojectWithStatusCreatedTest -->
