<?xml version="1.0" encoding="UTF-8"?>
<!-- Generated by org.testng.reporters.JUnitReportReporter -->
<testsuite hostname="LAPTOP-RQMIKUIO" failures="0" tests="1" name="BasicCRUDOperation.CreateTheProjectWithTextFormate" time="3.456" errors="0" timestamp="2022-08-08T10:55:53 IST" skipped="0">
  <testcase classname="BasicCRUDOperation.CreateTheProjectWithTextFormate" name="createProjectWithTExtFormate" time="3.456"/>
  <system-out/>
</testsuite> <!-- BasicCRUDOperation.CreateTheProjectWithTextFormate -->
