<?xml version="1.0" encoding="UTF-8"?>
<!-- Generated by org.testng.reporters.JUnitReportReporter -->
<testsuite hostname="LAPTOP-RQMIKUIO" failures="0" tests="1" name="DifferentWaysToPost.CreateTheProjectWithPOJOClassTest" time="2.740" errors="0" timestamp="2022-08-09T12:52:05 IST" skipped="0">
  <testcase classname="DifferentWaysToPost.CreateTheProjectWithPOJOClassTest" name="createProject" time="2.740"/>
  <system-out/>
</testsuite> <!-- DifferentWaysToPost.CreateTheProjectWithPOJOClassTest -->
