<?xml version="1.0" encoding="UTF-8"?>
<!-- Generated by org.testng.reporters.JUnitReportReporter -->
<testsuite hostname="LAPTOP-RQMIKUIO" failures="0" tests="1" name="ResponseValidation.ResponseTimeValidationTest" time="2.213" errors="0" timestamp="2022-08-09T22:04:41 IST" skipped="0">
  <testcase classname="ResponseValidation.ResponseTimeValidationTest" name="responseTime" time="2.213"/>
  <system-out/>
</testsuite> <!-- ResponseValidation.ResponseTimeValidationTest -->
