<?xml version="1.0" encoding="UTF-8"?>
<!-- Generated by org.testng.reporters.JUnitReportReporter -->
<testsuite hostname="LAPTOP-RQMIKUIO" failures="0" tests="1" name="SerializationAndDeserialization.DeserializationEmployeeDetailsTest" time="0.325" errors="0" timestamp="2022-07-28T16:04:40 IST" skipped="0">
  <testcase classname="SerializationAndDeserialization.DeserializationEmployeeDetailsTest" name="deSerializationofEmpDetailsTest" time="0.325"/>
  <system-out/>
</testsuite> <!-- SerializationAndDeserialization.DeserializationEmployeeDetailsTest -->
