<?xml version="1.0" encoding="UTF-8"?>
<!-- Generated by org.testng.reporters.JUnitReportReporter -->
<testsuite hostname="LAPTOP-RQMIKUIO" failures="0" tests="1" name="basicCRUDOperation.LoginRMGYantrawithAuthenticationTest" time="2.616" errors="0" timestamp="2022-08-08T15:09:48 IST" skipped="0">
  <testcase classname="basicCRUDOperation.LoginRMGYantrawithAuthenticationTest" name="loginApp" time="2.616"/>
  <system-out/>
</testsuite> <!-- basicCRUDOperation.LoginRMGYantrawithAuthenticationTest -->
