<?xml version="1.0" encoding="UTF-8"?>
<!-- Generated by org.testng.reporters.JUnitReportReporter -->
<testsuite hostname="LAPTOP-RQMIKUIO" failures="0" tests="1" name="basicCRUDOperation.CreateProjectAndGetProjecInsameRequestTest" time="3.401" errors="0" timestamp="2022-08-08T12:58:08 IST" skipped="0">
  <testcase classname="basicCRUDOperation.CreateProjectAndGetProjecInsameRequestTest" name="createProjectAndGetProjecInsameRequest" time="3.401"/>
  <system-out/>
</testsuite> <!-- basicCRUDOperation.CreateProjectAndGetProjecInsameRequestTest -->
