<?xml version="1.0" encoding="UTF-8"?>
<!-- Generated by org.testng.reporters.JUnitReportReporter -->
<testsuite hostname="LAPTOP-RQMIKUIO" failures="0" tests="1" name="Parameter.PathParameterTest" time="1.645" errors="0" timestamp="2022-08-10T11:44:48 IST" skipped="0">
  <testcase classname="Parameter.PathParameterTest" name="getDataUsingPathParamTest" time="1.645"/>
  <system-out/>
</testsuite> <!-- Parameter.PathParameterTest -->
