<?xml version="1.0" encoding="UTF-8"?>
<!-- Generated by org.testng.reporters.JUnitReportReporter -->
<testsuite hostname="LAPTOP-RQMIKUIO" failures="0" tests="1" name="EndToEndScenarios.CreateProjectAndVerifyInDataBase" time="2.563" errors="0" timestamp="2022-08-11T11:07:21 IST" skipped="0">
  <testcase classname="EndToEndScenarios.CreateProjectAndVerifyInDataBase" name="createProjectAndVerifyinDB" time="2.563"/>
  <system-out>
    <![CDATA[TY_PROJ_2208
===Data Verified in DB===
===Data not present in DB===]]>
  </system-out>
</testsuite> <!-- EndToEndScenarios.CreateProjectAndVerifyInDataBase -->
