<?xml version="1.0" encoding="UTF-8"?>
<!-- Generated by org.testng.reporters.JUnitReportReporter -->
<testsuite hostname="LAPTOP-RQMIKUIO" failures="0" tests="1" name="Authentication.Oauth2" time="4.336" errors="0" timestamp="2022-08-10T16:11:39 IST" skipped="0">
  <testcase classname="Authentication.Oauth2" name="oauth2Test" time="4.336"/>
  <system-out/>
</testsuite> <!-- Authentication.Oauth2 -->
