<?xml version="1.0" encoding="UTF-8"?>
<!-- Generated by org.testng.reporters.JUnitReportReporter -->
<testsuite hostname="LAPTOP-RQMIKUIO" failures="0" tests="1" name="Authentication.BarereToken" time="4.321" errors="0" timestamp="2022-08-10T15:56:02 IST" skipped="0">
  <testcase classname="Authentication.BarereToken" name="loginAppUsingBarereToken" time="4.321"/>
  <system-out/>
</testsuite> <!-- Authentication.BarereToken -->
