<?xml version="1.0" encoding="UTF-8"?>
<!-- Generated by org.testng.reporters.JUnitReportReporter -->
<testsuite hostname="LAPTOP-RQMIKUIO" failures="0" tests="1" name="CRUDOperationWithBDD.CreateProjectAndGetProjectInsameRequestTest" time="3.700" errors="0" timestamp="2022-08-10T01:01:35 IST" skipped="0">
  <testcase classname="CRUDOperationWithBDD.CreateProjectAndGetProjectInsameRequestTest" name="createProjectAndGetProjectInsameRequest" time="3.700"/>
  <system-out/>
</testsuite> <!-- CRUDOperationWithBDD.CreateProjectAndGetProjectInsameRequestTest -->
