<?xml version="1.0" encoding="UTF-8"?>
<!-- Generated by org.testng.reporters.JUnitReportReporter -->
<testsuite hostname="LAPTOP-RQMIKUIO" failures="0" tests="1" name="ResponseValidation.StaticResponseValidationTest" time="2.806" errors="0" timestamp="2022-08-09T21:09:45 IST" skipped="0">
  <testcase classname="ResponseValidation.StaticResponseValidationTest" name="validateId" time="2.806"/>
  <system-out/>
</testsuite> <!-- ResponseValidation.StaticResponseValidationTest -->
