<?xml version="1.0" encoding="UTF-8"?>
<!-- Generated by org.testng.reporters.JUnitReportReporter -->
<testsuite hostname="LAPTOP-RQMIKUIO" failures="0" tests="1" name="CRUDOperationWithBDD.UpdateProjectTest" time="2.971" errors="0" timestamp="2022-08-08T16:30:43 IST" skipped="0">
  <testcase classname="CRUDOperationWithBDD.UpdateProjectTest" name="updateProject" time="2.971"/>
  <system-out/>
</testsuite> <!-- CRUDOperationWithBDD.UpdateProjectTest -->
