<?xml version="1.0" encoding="UTF-8"?>
<!-- Generated by org.testng.reporters.JUnitReportReporter -->
<testsuite hostname="LAPTOP-RQMIKUIO" failures="0" tests="1" name="basicCRUDOperation.UpdatetheprojectWithInvalidProjectIdTest" time="2.480" errors="0" timestamp="2022-08-08T11:31:56 IST" skipped="0">
  <testcase classname="basicCRUDOperation.UpdatetheprojectWithInvalidProjectIdTest" name="updatetheprojectWithInvalidProjectId" time="2.480"/>
  <system-out/>
</testsuite> <!-- basicCRUDOperation.UpdatetheprojectWithInvalidProjectIdTest -->
