<?xml version="1.0" encoding="UTF-8"?>
<!-- Generated by org.testng.reporters.JUnitReportReporter -->
<testsuite hostname="LAPTOP-RQMIKUIO" failures="0" tests="1" name="BasicCRUDOperation.CreatetheprojectWithStatusCompletedTest" time="2.767" errors="0" timestamp="2022-08-08T11:24:45 IST" skipped="0">
  <testcase classname="BasicCRUDOperation.CreatetheprojectWithStatusCompletedTest" name="createtheprojectWithStatusCompleted" time="2.767"/>
  <system-out/>
</testsuite> <!-- BasicCRUDOperation.CreatetheprojectWithStatusCompletedTest -->
