<?xml version="1.0" encoding="UTF-8"?>
<!-- Generated by org.testng.reporters.JUnitReportReporter -->
<testsuite hostname="LAPTOP-RQMIKUIO" failures="0" tests="1" name="DifferentWaysToPost.CreateTheProjectWithJsonFileTest" time="2.238" errors="0" timestamp="2022-08-09T13:18:43 IST" skipped="0">
  <testcase classname="DifferentWaysToPost.CreateTheProjectWithJsonFileTest" name="createtheprojectwithJsonFile" time="2.238"/>
  <system-out/>
</testsuite> <!-- DifferentWaysToPost.CreateTheProjectWithJsonFileTest -->
