<?xml version="1.0" encoding="UTF-8"?>
<!-- Generated by org.testng.reporters.JUnitReportReporter -->
<testsuite hostname="LAPTOP-RQMIKUIO" failures="0" tests="1" name="ResponseValidation.DynomicResponseValidation" time="2.693" errors="0" timestamp="2022-08-09T21:25:29 IST" skipped="0">
  <testcase classname="ResponseValidation.DynomicResponseValidation" name="validateId" time="2.693"/>
  <system-out/>
</testsuite> <!-- ResponseValidation.DynomicResponseValidation -->
