<?xml version="1.0" encoding="UTF-8"?>
<!-- Generated by org.testng.reporters.JUnitReportReporter -->
<testsuite hostname="LAPTOP-RQMIKUIO" failures="0" tests="1" name="CRUDOperationWithBDD.GetAllProjectsTest" time="2.258" errors="0" timestamp="2022-08-08T16:39:21 IST" skipped="0">
  <testcase classname="CRUDOperationWithBDD.GetAllProjectsTest" name="getAllProjects" time="2.258"/>
  <system-out/>
</testsuite> <!-- CRUDOperationWithBDD.GetAllProjectsTest -->
