<?xml version="1.0" encoding="UTF-8"?>
<!-- Generated by org.testng.reporters.JUnitReportReporter -->
<testsuite hostname="LAPTOP-RQMIKUIO" failures="0" tests="1" name="RequestChaining.CreateGetAndDeleteInSingleScriptTest" time="2.642" errors="0" timestamp="2022-08-10T12:16:50 IST" skipped="0">
  <testcase classname="RequestChaining.CreateGetAndDeleteInSingleScriptTest" name="createGetAndDeleteProject" time="2.642"/>
  <system-out/>
</testsuite> <!-- RequestChaining.CreateGetAndDeleteInSingleScriptTest -->
