<?xml version="1.0" encoding="UTF-8"?>
<!-- Generated by org.testng.reporters.JUnitReportReporter -->
<testsuite hostname="LAPTOP-RQMIKUIO" failures="0" tests="1" name="BasicCRUDOperation.CreateTheProjectWithExistingProjectID" time="4.580" errors="0" timestamp="2022-08-07T22:52:37 IST" skipped="0">
  <testcase classname="BasicCRUDOperation.CreateTheProjectWithExistingProjectID" name="duplicateProject" time="4.580"/>
  <system-out/>
</testsuite> <!-- BasicCRUDOperation.CreateTheProjectWithExistingProjectID -->
