<?xml version="1.0" encoding="UTF-8"?>
<!-- Generated by org.testng.reporters.JUnitReportReporter -->
<testsuite hostname="LAPTOP-RQMIKUIO" failures="0" tests="1" name="BasicCRUDOperation.CreatetheprojectWithStatusOngoingTest" time="2.737" errors="0" timestamp="2022-08-08T11:23:44 IST" skipped="0">
  <testcase classname="BasicCRUDOperation.CreatetheprojectWithStatusOngoingTest" name="createtheprojectWithStatusOngoing" time="2.737"/>
  <system-out/>
</testsuite> <!-- BasicCRUDOperation.CreatetheprojectWithStatusOngoingTest -->
