<?xml version="1.0" encoding="UTF-8"?>
<!-- Generated by org.testng.reporters.JUnitReportReporter -->
<testsuite hostname="LAPTOP-RQMIKUIO" failures="0" tests="1" name="EndToEndScenarios.practice" time="0.026" errors="0" timestamp="2022-08-10T22:41:40 IST" skipped="0">
  <testcase classname="EndToEndScenarios.practice" name="practiceTest" time="0.026"/>
  <system-out/>
</testsuite> <!-- EndToEndScenarios.practice -->
