<?xml version="1.0" encoding="UTF-8"?>
<!-- Generated by org.testng.reporters.JUnitReportReporter -->
<testsuite hostname="LAPTOP-RQMIKUIO" failures="0" tests="1" name="basicCRUDOperation.UpdateTheProjectByUsingpathParameterTest" time="2.964" errors="0" timestamp="2022-08-08T12:59:37 IST" skipped="0">
  <testcase classname="basicCRUDOperation.UpdateTheProjectByUsingpathParameterTest" name="UpdateTheProjectByUsingpathParameter" time="2.964"/>
  <system-out/>
</testsuite> <!-- basicCRUDOperation.UpdateTheProjectByUsingpathParameterTest -->
