<?xml version="1.0" encoding="UTF-8"?>
<!-- Generated by org.testng.reporters.JUnitReportReporter -->
<testsuite hostname="LAPTOP-RQMIKUIO" failures="0" tests="1" name="CRUDOperationWithBDD.CreateTheProjectWithExistingProjectIDTest" time="2.646" errors="0" timestamp="2022-08-08T17:27:35 IST" skipped="0">
  <testcase classname="CRUDOperationWithBDD.CreateTheProjectWithExistingProjectIDTest" name="duplicateProject" time="2.646"/>
  <system-out/>
</testsuite> <!-- CRUDOperationWithBDD.CreateTheProjectWithExistingProjectIDTest -->
