<?xml version="1.0" encoding="UTF-8"?>
<!-- Generated by org.testng.reporters.JUnitReportReporter -->
<testsuite hostname="LAPTOP-RQMIKUIO" failures="0" tests="3" name="basicCRUDOperation.RequestChainingTest" time="3.833" errors="0" timestamp="2022-08-08T15:41:56 IST" skipped="0">
  <testcase classname="basicCRUDOperation.RequestChainingTest" name="getTheProject" time="0.038"/>
  <system-out/>
  <testcase classname="basicCRUDOperation.RequestChainingTest" name="createTheProject" time="3.649"/>
  <system-out/>
  <testcase classname="basicCRUDOperation.RequestChainingTest" name="deleteTheProject" time="0.146"/>
  <system-out/>
</testsuite> <!-- basicCRUDOperation.RequestChainingTest -->
