<?xml version="1.0" encoding="UTF-8"?>
<!-- Generated by org.testng.reporters.JUnitReportReporter -->
<testsuite hostname="LAPTOP-RQMIKUIO" failures="0" tests="1" name="SerializationAndDeserialization.DeserializationEmpwithSpouseTest" time="0.233" errors="0" timestamp="2022-08-09T14:52:17 IST" skipped="0">
  <testcase classname="SerializationAndDeserialization.DeserializationEmpwithSpouseTest" name="DeserializeEmpWithSpouseTest" time="0.233"/>
  <system-out/>
</testsuite> <!-- SerializationAndDeserialization.DeserializationEmpwithSpouseTest -->
