<?xml version="1.0" encoding="UTF-8"?>
<!-- Generated by org.testng.reporters.JUnitReportReporter -->
<testsuite hostname="LAPTOP-RQMIKUIO" failures="0" tests="1" name="basicCRUDOperation.LoginRMGYantrawithoutAuthenticationTest" time="2.359" errors="0" timestamp="2022-08-08T15:17:37 IST" skipped="0">
  <testcase classname="basicCRUDOperation.LoginRMGYantrawithoutAuthenticationTest" name="loginApp" time="2.359"/>
  <system-out/>
</testsuite> <!-- basicCRUDOperation.LoginRMGYantrawithoutAuthenticationTest -->
