<?xml version="1.0" encoding="UTF-8"?>
<!-- Generated by org.testng.reporters.JUnitReportReporter -->
<testsuite hostname="LAPTOP-RQMIKUIO" failures="0" tests="1" name="CRUDOperationWithBDD.CreateProjectTest" time="3.029" errors="0" timestamp="2022-08-08T16:22:54 IST" skipped="0">
  <testcase classname="CRUDOperationWithBDD.CreateProjectTest" name="createProject" time="3.029"/>
  <system-out/>
</testsuite> <!-- CRUDOperationWithBDD.CreateProjectTest -->
