<?xml version="1.0" encoding="UTF-8"?>
<!-- Generated by org.testng.reporters.JUnitReportReporter -->
<testsuite hostname="LAPTOP-RQMIKUIO" failures="0" tests="1" name="SerializationAndDeserialization.DeserializeEmpTest" time="0.219" errors="0" timestamp="2022-07-28T16:14:52 IST" skipped="0">
  <testcase classname="SerializationAndDeserialization.DeserializeEmpTest" name="DeSerializeEmpArrayTest" time="0.219"/>
  <system-out/>
</testsuite> <!-- SerializationAndDeserialization.DeserializeEmpTest -->
