<?xml version="1.0" encoding="UTF-8"?>
<!-- Generated by org.testng.reporters.JUnitReportReporter -->
<testsuite hostname="LAPTOP-RQMIKUIO" failures="0" tests="1" name="basicCRUDOperation.GetTheprojectByUsingpathParameterTest" time="2.108" errors="0" timestamp="2022-08-08T13:04:17 IST" skipped="0">
  <testcase classname="basicCRUDOperation.GetTheprojectByUsingpathParameterTest" name="getTheprojectByUsingpathParameter" time="2.108"/>
  <system-out/>
</testsuite> <!-- basicCRUDOperation.GetTheprojectByUsingpathParameterTest -->
